#
# There is insufficient memory for the Java Runtime Environment to continue.
# Native memory allocation (malloc) failed to allocate 1566672 bytes for Chunk::new
# Possible reasons:
#   The system is out of physical RAM or swap space
#   In 32 bit mode, the process size limit was hit
# Possible solutions:
#   Reduce memory load on the system
#   Increase physical memory or swap space
#   Check if swap backing store is full
#   Use 64 bit Java on a 64 bit OS
#   Decrease Java heap size (-Xmx/-Xms)
#   Decrease number of Java threads
#   Decrease Java thread stack sizes (-Xss)
#   Set larger code cache with -XX:ReservedCodeCacheSize=
# This output file may be truncated or incomplete.
#
#  Out of Memory Error (allocation.cpp:390), pid=13620, tid=0x0000000000002c04
#
# JRE version: Java(TM) SE Runtime Environment (8.0_111-b14) (build 1.8.0_111-b14)
# Java VM: Java HotSpot(TM) 64-Bit Server VM (25.111-b14 mixed mode windows-amd64 compressed oops)
# Failed to write core dump. Minidumps are not enabled by default on client versions of Windows
#

---------------  T H R E A D  ---------------

Current thread (0x00000000178ed800):  JavaThread "C2 CompilerThread1" daemon [_thread_in_native, id=11268, stack(0x00000000193e0000,0x00000000194e0000)]

Stack: [0x00000000193e0000,0x00000000194e0000]
[error occurred during error reporting (printing stack bounds), id 0xc0000005]

Native frames: (J=compiled Java code, j=interpreted, Vv=VM code, C=native code)


Current CompileTask:
C2:   5587 2101   !   4       java.net.URLClassLoader$1::run (63 bytes)


---------------  P R O C E S S  ---------------

Java Threads: ( => current thread )
  0x000000001a98f000 JavaThread "restartedMain" [_thread_in_Java, id=9492, stack(0x000000001bb10000,0x000000001bc10000)]
  0x000000001adb2000 JavaThread "Thread-1" [_thread_blocked, id=13776, stack(0x000000001b5f0000,0x000000001b6f0000)]
  0x0000000019ef3800 JavaThread "RMI TCP Accept-0" daemon [_thread_in_native, id=4432, stack(0x000000001a420000,0x000000001a520000)]
  0x0000000019ede000 JavaThread "RMI TCP Accept-54974" daemon [_thread_in_native, id=12084, stack(0x000000001a320000,0x000000001a420000)]
  0x0000000019ed6000 JavaThread "RMI TCP Accept-0" daemon [_thread_in_native, id=7636, stack(0x000000001a220000,0x000000001a320000)]
  0x0000000019006800 JavaThread "Service Thread" daemon [_thread_blocked, id=5480, stack(0x00000000195e0000,0x00000000196e0000)]
  0x0000000018ff3000 JavaThread "C1 CompilerThread2" daemon [_thread_in_native, id=13580, stack(0x00000000194e0000,0x00000000195e0000)]
=>0x00000000178ed800 JavaThread "C2 CompilerThread1" daemon [_thread_in_native, id=11268, stack(0x00000000193e0000,0x00000000194e0000)]
  0x0000000017898800 JavaThread "C2 CompilerThread0" daemon [_thread_in_native, id=7548, stack(0x0000000018ee0000,0x0000000018fe0000)]
  0x0000000017897800 JavaThread "Attach Listener" daemon [_thread_blocked, id=1148, stack(0x0000000018de0000,0x0000000018ee0000)]
  0x0000000017896800 JavaThread "Signal Dispatcher" daemon [_thread_blocked, id=464, stack(0x0000000018ce0000,0x0000000018de0000)]
  0x000000001787f800 JavaThread "Finalizer" daemon [_thread_blocked, id=8776, stack(0x0000000018ae0000,0x0000000018be0000)]
  0x0000000017858800 JavaThread "Reference Handler" daemon [_thread_blocked, id=6268, stack(0x00000000189e0000,0x0000000018ae0000)]
  0x0000000002c38000 JavaThread "main" [_thread_blocked, id=10316, stack(0x0000000002ac0000,0x0000000002bc0000)]

Other Threads:
  0x0000000017857000 VMThread [stack: 0x00000000188e0000,0x00000000189e0000] [id=7736]
  0x0000000019ef6000 WatcherThread [stack: 0x000000001a520000,0x000000001a620000] [id=11360]

VM state:not at safepoint (normal execution)

VM Mutex/Monitor currently owned by a thread: None

Heap:
 PSYoungGen      total 66048K, used 63475K [0x00000000d5d00000, 0x00000000dd780000, 0x0000000100000000)
  eden space 60928K, 96% used [0x00000000d5d00000,0x00000000d966bfe0,0x00000000d9880000)
  from space 5120K, 91% used [0x00000000da300000,0x00000000da790f00,0x00000000da800000)
  to   space 10752K, 0% used [0x00000000d9880000,0x00000000d9880000,0x00000000da300000)
 ParOldGen       total 61952K, used 10066K [0x0000000081600000, 0x0000000085280000, 0x00000000d5d00000)
  object space 61952K, 16% used [0x0000000081600000,0x0000000081fd48a8,0x0000000085280000)
 Metaspace       used 24920K, capacity 25250K, committed 25600K, reserved 1071104K
  class space    used 3095K, capacity 3210K, committed 3328K, reserved 1048576K

Card table byte_map: [0x00000000120f0000,0x00000000124f0000] byte_map_base: 0x0000000011ce5000

Marking Bits: (ParMarkBitMap*) 0x000000005111a6c0
 Begin Bits: [0x0000000012ba0000, 0x0000000014b48000)
 End Bits:   [0x0000000014b48000, 0x0000000016af0000)

Polling page: 0x0000000001010000

CodeCache: size=245760Kb used=8777Kb max_used=8777Kb free=236982Kb
 bounds [0x0000000002d30000, 0x00000000035d0000, 0x0000000011d30000]
 total_blobs=2775 nmethods=2370 adapters=317
 compilation: enabled

Compilation events (10 events):
Event: 5.578 Thread 0x0000000018ff3000 nmethod 2366 0x00000000035bc110 code [0x00000000035bc260, 0x00000000035bc370]
Event: 5.578 Thread 0x0000000018ff3000 2372       1       org.springframework.beans.BeanMetadataAttribute::getValue (5 bytes)
Event: 5.578 Thread 0x0000000018ff3000 nmethod 2372 0x00000000035bc3d0 code [0x00000000035bc520, 0x00000000035bc630]
Event: 5.579 Thread 0x0000000018ff3000 2373       1       org.springframework.boot.bind.RelaxedNames$Variation$1::apply (2 bytes)
Event: 5.580 Thread 0x0000000018ff3000 nmethod 2373 0x00000000035bc690 code [0x00000000035bc7e0, 0x00000000035bc8f0]
Event: 5.580 Thread 0x0000000018ff3000 2374       3       java.util.ArrayList::subList (22 bytes)
Event: 5.581 Thread 0x0000000018ff3000 nmethod 2374 0x00000000035bc950 code [0x00000000035bcac0, 0x00000000035bcd18]
Event: 5.581 Thread 0x0000000018ff3000 2376       3       java.util.ArrayList$SubList::checkForComodification (23 bytes)
Event: 5.581 Thread 0x0000000018ff3000 nmethod 2376 0x00000000035bce10 code [0x00000000035bcf80, 0x00000000035bd1a8]
Event: 5.581 Thread 0x0000000018ff3000 2378       3       java.util.regex.Pattern::split (290 bytes)

GC Heap History (10 events):
Event: 2.761 GC heap before
{Heap before GC invocations=3 (full 0):
 PSYoungGen      total 38400K, used 37914K [0x00000000d5d00000, 0x00000000d8780000, 0x0000000100000000)
  eden space 33280K, 100% used [0x00000000d5d00000,0x00000000d7d80000,0x00000000d7d80000)
  from space 5120K, 90% used [0x00000000d8280000,0x00000000d8706868,0x00000000d8780000)
  to   space 5120K, 0% used [0x00000000d7d80000,0x00000000d7d80000,0x00000000d8280000)
 ParOldGen       total 87552K, used 16K [0x0000000081600000, 0x0000000086b80000, 0x00000000d5d00000)
  object space 87552K, 0% used [0x0000000081600000,0x0000000081604000,0x0000000086b80000)
 Metaspace       used 15469K, capacity 15646K, committed 15872K, reserved 1062912K
  class space    used 1911K, capacity 1963K, committed 2048K, reserved 1048576K
Event: 2.772 GC heap after
Heap after GC invocations=3 (full 0):
 PSYoungGen      total 38400K, used 5103K [0x00000000d5d00000, 0x00000000da800000, 0x0000000100000000)
  eden space 33280K, 0% used [0x00000000d5d00000,0x00000000d5d00000,0x00000000d7d80000)
  from space 5120K, 99% used [0x00000000d7d80000,0x00000000d827be68,0x00000000d8280000)
  to   space 5120K, 0% used [0x00000000da300000,0x00000000da300000,0x00000000da800000)
 ParOldGen       total 87552K, used 2838K [0x0000000081600000, 0x0000000086b80000, 0x00000000d5d00000)
  object space 87552K, 3% used [0x0000000081600000,0x00000000818c5828,0x0000000086b80000)
 Metaspace       used 15469K, capacity 15646K, committed 15872K, reserved 1062912K
  class space    used 1911K, capacity 1963K, committed 2048K, reserved 1048576K
}
Event: 3.230 GC heap before
{Heap before GC invocations=4 (full 0):
 PSYoungGen      total 38400K, used 38383K [0x00000000d5d00000, 0x00000000da800000, 0x0000000100000000)
  eden space 33280K, 100% used [0x00000000d5d00000,0x00000000d7d80000,0x00000000d7d80000)
  from space 5120K, 99% used [0x00000000d7d80000,0x00000000d827be68,0x00000000d8280000)
  to   space 5120K, 0% used [0x00000000da300000,0x00000000da300000,0x00000000da800000)
 ParOldGen       total 87552K, used 2838K [0x0000000081600000, 0x0000000086b80000, 0x00000000d5d00000)
  object space 87552K, 3% used [0x0000000081600000,0x00000000818c5828,0x0000000086b80000)
 Metaspace       used 18518K, capacity 18704K, committed 19072K, reserved 1067008K
  class space    used 2341K, capacity 2382K, committed 2432K, reserved 1048576K
Event: 3.242 GC heap after
Heap after GC invocations=4 (full 0):
 PSYoungGen      total 71680K, used 5110K [0x00000000d5d00000, 0x00000000da800000, 0x0000000100000000)
  eden space 66560K, 0% used [0x00000000d5d00000,0x00000000d5d00000,0x00000000d9e00000)
  from space 5120K, 99% used [0x00000000da300000,0x00000000da7fdbe8,0x00000000da800000)
  to   space 5120K, 0% used [0x00000000d9e00000,0x00000000d9e00000,0x00000000da300000)
 ParOldGen       total 87552K, used 7028K [0x0000000081600000, 0x0000000086b80000, 0x00000000d5d00000)
  object space 87552K, 8% used [0x0000000081600000,0x0000000081cdd230,0x0000000086b80000)
 Metaspace       used 18518K, capacity 18704K, committed 19072K, reserved 1067008K
  class space    used 2341K, capacity 2382K, committed 2432K, reserved 1048576K
}
Event: 3.561 GC heap before
{Heap before GC invocations=5 (full 0):
 PSYoungGen      total 71680K, used 23780K [0x00000000d5d00000, 0x00000000da800000, 0x0000000100000000)
  eden space 66560K, 28% used [0x00000000d5d00000,0x00000000d6f3b578,0x00000000d9e00000)
  from space 5120K, 99% used [0x00000000da300000,0x00000000da7fdbe8,0x00000000da800000)
  to   space 5120K, 0% used [0x00000000d9e00000,0x00000000d9e00000,0x00000000da300000)
 ParOldGen       total 87552K, used 7028K [0x0000000081600000, 0x0000000086b80000, 0x00000000d5d00000)
  object space 87552K, 8% used [0x0000000081600000,0x0000000081cdd230,0x0000000086b80000)
 Metaspace       used 20867K, capacity 21096K, committed 21296K, reserved 1069056K
  class space    used 2580K, capacity 2626K, committed 2688K, reserved 1048576K
Event: 3.572 GC heap after
Heap after GC invocations=5 (full 0):
 PSYoungGen      total 71680K, used 5103K [0x00000000d5d00000, 0x00000000da800000, 0x0000000100000000)
  eden space 66560K, 0% used [0x00000000d5d00000,0x00000000d5d00000,0x00000000d9e00000)
  from space 5120K, 99% used [0x00000000d9e00000,0x00000000da2fbd48,0x00000000da300000)
  to   space 5120K, 0% used [0x00000000da300000,0x00000000da300000,0x00000000da800000)
 ParOldGen       total 87552K, used 9854K [0x0000000081600000, 0x0000000086b80000, 0x00000000d5d00000)
  object space 87552K, 11% used [0x0000000081600000,0x0000000081f9fa98,0x0000000086b80000)
 Metaspace       used 20867K, capacity 21096K, committed 21296K, reserved 1069056K
  class space    used 2580K, capacity 2626K, committed 2688K, reserved 1048576K
}
Event: 3.572 GC heap before
{Heap before GC invocations=6 (full 1):
 PSYoungGen      total 71680K, used 5103K [0x00000000d5d00000, 0x00000000da800000, 0x0000000100000000)
  eden space 66560K, 0% used [0x00000000d5d00000,0x00000000d5d00000,0x00000000d9e00000)
  from space 5120K, 99% used [0x00000000d9e00000,0x00000000da2fbd48,0x00000000da300000)
  to   space 5120K, 0% used [0x00000000da300000,0x00000000da300000,0x00000000da800000)
 ParOldGen       total 87552K, used 9854K [0x0000000081600000, 0x0000000086b80000, 0x00000000d5d00000)
  object space 87552K, 11% used [0x0000000081600000,0x0000000081f9fa98,0x0000000086b80000)
 Metaspace       used 20867K, capacity 21096K, committed 21296K, reserved 1069056K
  class space    used 2580K, capacity 2626K, committed 2688K, reserved 1048576K
Event: 3.622 GC heap after
Heap after GC invocations=6 (full 1):
 PSYoungGen      total 71680K, used 0K [0x00000000d5d00000, 0x00000000da800000, 0x0000000100000000)
  eden space 66560K, 0% used [0x00000000d5d00000,0x00000000d5d00000,0x00000000d9e00000)
  from space 5120K, 0% used [0x00000000d9e00000,0x00000000d9e00000,0x00000000da300000)
  to   space 5120K, 0% used [0x00000000da300000,0x00000000da300000,0x00000000da800000)
 ParOldGen       total 61952K, used 10058K [0x0000000081600000, 0x0000000085280000, 0x00000000d5d00000)
  object space 61952K, 16% used [0x0000000081600000,0x0000000081fd28a8,0x0000000085280000)
 Metaspace       used 20867K, capacity 21096K, committed 21296K, reserved 1069056K
  class space    used 2580K, capacity 2626K, committed 2688K, reserved 1048576K
}
Event: 4.773 GC heap before
{Heap before GC invocations=7 (full 1):
 PSYoungGen      total 71680K, used 66560K [0x00000000d5d00000, 0x00000000da800000, 0x0000000100000000)
  eden space 66560K, 100% used [0x00000000d5d00000,0x00000000d9e00000,0x00000000d9e00000)
  from space 5120K, 0% used [0x00000000d9e00000,0x00000000d9e00000,0x00000000da300000)
  to   space 5120K, 0% used [0x00000000da300000,0x00000000da300000,0x00000000da800000)
 ParOldGen       total 61952K, used 10058K [0x0000000081600000, 0x0000000085280000, 0x00000000d5d00000)
  object space 61952K, 16% used [0x0000000081600000,0x0000000081fd28a8,0x0000000085280000)
 Metaspace       used 24590K, capacity 24954K, committed 25216K, reserved 1071104K
  class space    used 3054K, capacity 3175K, committed 3200K, reserved 1048576K
Event: 4.782 GC heap after
Heap after GC invocations=7 (full 1):
 PSYoungGen      total 66048K, used 4675K [0x00000000d5d00000, 0x00000000dd780000, 0x0000000100000000)
  eden space 60928K, 0% used [0x00000000d5d00000,0x00000000d5d00000,0x00000000d9880000)
  from space 5120K, 91% used [0x00000000da300000,0x00000000da790f00,0x00000000da800000)
  to   space 10752K, 0% used [0x00000000d9880000,0x00000000d9880000,0x00000000da300000)
 ParOldGen       total 61952K, used 10066K [0x0000000081600000, 0x0000000085280000, 0x00000000d5d00000)
  object space 61952K, 16% used [0x0000000081600000,0x0000000081fd48a8,0x0000000085280000)
 Metaspace       used 24590K, capacity 24954K, committed 25216K, reserved 1071104K
  class space    used 3054K, capacity 3175K, committed 3200K, reserved 1048576K
}

Deoptimization events (10 events):
Event: 3.999 Thread 0x000000001a98f000 Uncommon trap: reason=class_check action=maybe_recompile pc=0x000000000314cdcc method=java.util.regex.Pattern$CharProperty.match(Ljava/util/regex/Matcher;ILjava/lang/CharSequence;)Z @ 37
Event: 3.999 Thread 0x000000001a98f000 Uncommon trap: reason=class_check action=maybe_recompile pc=0x000000000314cdcc method=java.util.regex.Pattern$CharProperty.match(Ljava/util/regex/Matcher;ILjava/lang/CharSequence;)Z @ 37
Event: 3.999 Thread 0x000000001a98f000 Uncommon trap: reason=class_check action=maybe_recompile pc=0x000000000314cdcc method=java.util.regex.Pattern$CharProperty.match(Ljava/util/regex/Matcher;ILjava/lang/CharSequence;)Z @ 37
Event: 4.007 Thread 0x000000001a98f000 Uncommon trap: reason=predicate action=maybe_recompile pc=0x000000000339bb00 method=java.util.regex.Pattern$Slice.match(Ljava/util/regex/Matcher;ILjava/lang/CharSequence;)Z @ 21
Event: 4.009 Thread 0x000000001a98f000 Uncommon trap: reason=unstable_if action=reinterpret pc=0x0000000002e91248 method=java.lang.String$CaseInsensitiveComparator.compare(Ljava/lang/String;Ljava/lang/String;)I @ 70
Event: 4.434 Thread 0x000000001a98f000 Uncommon trap: reason=unstable_if action=reinterpret pc=0x000000000348fb88 method=org.springframework.asm.ClassReader.readUTF8(I[C)Ljava/lang/String; @ 7
Event: 4.745 Thread 0x000000001a98f000 Uncommon trap: reason=unstable_if action=reinterpret pc=0x000000000346ee74 method=org.springframework.util.ConcurrentReferenceHashMap$Segment.restructureIfNecessary(Z)V @ 41
Event: 4.821 Thread 0x000000001a98f000 Uncommon trap: reason=bimorphic action=maybe_recompile pc=0x00000000031682bc method=java.util.HashMap.putVal(ILjava/lang/Object;Ljava/lang/Object;ZZ)Ljava/lang/Object; @ 203
Event: 4.883 Thread 0x000000001a98f000 Uncommon trap: reason=predicate action=maybe_recompile pc=0x00000000033a69b8 method=org.springframework.util.AntPathMatcher.skipSegment([CILjava/lang/String;)I @ 24
Event: 5.146 Thread 0x000000001a98f000 Uncommon trap: reason=unstable_if action=reinterpret pc=0x0000000003467e1c method=java.util.LinkedHashMap.afterNodeInsertion(Z)V @ 18

Internal exceptions (10 events):
Event: 3.920 Thread 0x000000001a98e000 Exception <a 'java/lang/NoSuchFieldError': method resolution failed> (0x00000000d6d7aa78) thrown at [C:\re\workspace\8-2-build-windows-amd64-cygwin\jdk8u111\7883\hotspot\src\share\vm\prims\methodHandles.cpp, line 1146]
Event: 3.948 Thread 0x000000001a98f000 Exception <a 'java/lang/ClassNotFoundException': java/lang/ObjectCustomizer> (0x00000000d6f40f30) thrown at [C:\re\workspace\8-2-build-windows-amd64-cygwin\jdk8u111\7883\hotspot\src\share\vm\classfile\systemDictionary.cpp, line 210]
Event: 3.950 Thread 0x000000001a98f000 Exception <a 'java/lang/ClassNotFoundException': org/springframework/context/annotation/ConfigurationClassPostProcessorCustomizer> (0x00000000d6fce7c0) thrown at [C:\re\workspace\8-2-build-windows-amd64-cygwin\jdk8u111\7883\hotspot\src\share\vm\classfile\
Event: 3.951 Thread 0x000000001a98f000 Exception <a 'java/lang/ClassNotFoundException': org/springframework/beans/factory/support/BeanDefinitionRegistryPostProcessorCustomizer> (0x00000000d700c308) thrown at [C:\re\workspace\8-2-build-windows-amd64-cygwin\jdk8u111\7883\hotspot\src\share\vm\cla
Event: 3.952 Thread 0x000000001a98f000 Exception <a 'java/lang/ClassNotFoundException': org/springframework/core/PriorityOrderedCustomizer> (0x00000000d7029d28) thrown at [C:\re\workspace\8-2-build-windows-amd64-cygwin\jdk8u111\7883\hotspot\src\share\vm\classfile\systemDictionary.cpp, line 210
Event: 3.953 Thread 0x000000001a98f000 Exception <a 'java/lang/ClassNotFoundException': org/springframework/context/ResourceLoaderAwareCustomizer> (0x00000000d70497c0) thrown at [C:\re\workspace\8-2-build-windows-amd64-cygwin\jdk8u111\7883\hotspot\src\share\vm\classfile\systemDictionary.cpp, l
Event: 3.954 Thread 0x000000001a98f000 Exception <a 'java/lang/ClassNotFoundException': org/springframework/beans/factory/BeanClassLoaderAwareCustomizer> (0x00000000d706d498) thrown at [C:\re\workspace\8-2-build-windows-amd64-cygwin\jdk8u111\7883\hotspot\src\share\vm\classfile\systemDictionary
Event: 3.955 Thread 0x000000001a98f000 Exception <a 'java/lang/ClassNotFoundException': org/springframework/context/EnvironmentAwareCustomizer> (0x00000000d708d0d8) thrown at [C:\re\workspace\8-2-build-windows-amd64-cygwin\jdk8u111\7883\hotspot\src\share\vm\classfile\systemDictionary.cpp, line
Event: 3.958 Thread 0x000000001a98e000 Implicit null exception at 0x000000000333d7fb to 0x000000000333de09
Event: 3.958 Thread 0x000000001a98e000 Implicit null exception at 0x000000000300f2af to 0x000000000300f319

Events (10 events):
Event: 5.566 loading class org/springframework/core/type/StandardMethodMetadata
Event: 5.566 loading class org/springframework/core/type/StandardMethodMetadata done
Event: 5.570 loading class org/springframework/boot/autoconfigure/EnableAutoConfigurationImportSelector$Excludes
Event: 5.570 loading class org/springframework/boot/autoconfigure/EnableAutoConfigurationImportSelector$Excludes done
Event: 5.571 loading class org/springframework/boot/bind/PropertyNamePatternsMatcher$1
Event: 5.571 loading class org/springframework/boot/bind/PropertyNamePatternsMatcher$1 done
Event: 5.572 loading class org/springframework/boot/bind/PropertyNamePatternsMatcher$2
Event: 5.572 loading class org/springframework/boot/bind/PropertyNamePatternsMatcher$2 done
Event: 5.573 loading class org/springframework/boot/bind/PropertyOrigin
Event: 5.573 loading class org/springframework/boot/bind/PropertyOrigin done


Dynamic libraries:
0x00007ff6c5f50000 - 0x00007ff6c5f87000 	C:\Program Files\Java\jre1.8.0_111\bin\javaw.exe
0x00007ffe29d40000 - 0x00007ffe29f11000 	C:\WINDOWS\SYSTEM32\ntdll.dll
0x00007ffe27de0000 - 0x00007ffe27e8c000 	C:\WINDOWS\System32\KERNEL32.DLL
0x00007ffe079f0000 - 0x00007ffe07a23000 	C:\Program Files\AVAST Software\Avast\x64\aswhooka.dll
0x00007ffe269b0000 - 0x00007ffe26bcd000 	C:\WINDOWS\System32\KERNELBASE.dll
0x00007ffe246d0000 - 0x00007ffe2474a000 	C:\WINDOWS\system32\apphelp.dll
0x00007ffe279d0000 - 0x00007ffe27a72000 	C:\WINDOWS\System32\ADVAPI32.dll
0x00007ffe27ed0000 - 0x00007ffe27f6e000 	C:\WINDOWS\System32\msvcrt.dll
0x00007ffe27a80000 - 0x00007ffe27ad9000 	C:\WINDOWS\System32\sechost.dll
0x00007ffe284f0000 - 0x00007ffe28611000 	C:\WINDOWS\System32\RPCRT4.dll
0x00007ffe28620000 - 0x00007ffe28785000 	C:\WINDOWS\System32\USER32.dll
0x00007ffe26bd0000 - 0x00007ffe26bee000 	C:\WINDOWS\System32\win32u.dll
0x00007ffe28080000 - 0x00007ffe280b4000 	C:\WINDOWS\System32\GDI32.dll
0x00007ffe26e20000 - 0x00007ffe26fa2000 	C:\WINDOWS\System32\gdi32full.dll
0x00007ffe1dc60000 - 0x00007ffe1deda000 	C:\WINDOWS\WinSxS\amd64_microsoft.windows.common-controls_6595b64144ccf1df_6.0.14393.953_none_42151e83c686086b\COMCTL32.dll
0x00007ffe275c0000 - 0x00007ffe27888000 	C:\WINDOWS\System32\combase.dll
0x00007ffe26fb0000 - 0x00007ffe270a5000 	C:\WINDOWS\System32\ucrtbase.dll
0x00007ffe26210000 - 0x00007ffe2627a000 	C:\WINDOWS\System32\bcryptPrimitives.dll
0x00007ffe287f0000 - 0x00007ffe2881e000 	C:\WINDOWS\System32\IMM32.DLL
0x00007ffe25060000 - 0x00007ffe25092000 	C:\Windows\system32\nvinitx.dll
0x00007ffe25050000 - 0x00007ffe2505a000 	C:\WINDOWS\SYSTEM32\VERSION.dll
0x0000000050230000 - 0x0000000050302000 	C:\Program Files\Java\jre1.8.0_111\bin\msvcr100.dll
0x0000000050900000 - 0x000000005119a000 	C:\Program Files\Java\jre1.8.0_111\bin\server\jvm.dll
0x00007ffe27f70000 - 0x00007ffe27f78000 	C:\WINDOWS\System32\PSAPI.DLL
0x00007ffe16d50000 - 0x00007ffe16d59000 	C:\WINDOWS\SYSTEM32\WSOCK32.dll
0x00007ffe27c10000 - 0x00007ffe27c7a000 	C:\WINDOWS\System32\WS2_32.dll
0x00007ffe245b0000 - 0x00007ffe245d3000 	C:\WINDOWS\SYSTEM32\WINMM.dll
0x00007ffe24580000 - 0x00007ffe245ab000 	C:\WINDOWS\SYSTEM32\WINMMBASE.dll
0x00007ffe26280000 - 0x00007ffe262c2000 	C:\WINDOWS\System32\cfgmgr32.dll
0x00000000508f0000 - 0x00000000508ff000 	C:\Program Files\Java\jre1.8.0_111\bin\verify.dll
0x00000000508c0000 - 0x00000000508e9000 	C:\Program Files\Java\jre1.8.0_111\bin\java.dll
0x0000000050870000 - 0x0000000050886000 	C:\Program Files\Java\jre1.8.0_111\bin\zip.dll
0x00007ffe28830000 - 0x00007ffe29d38000 	C:\WINDOWS\System32\SHELL32.dll
0x00007ffe262d0000 - 0x00007ffe269aa000 	C:\WINDOWS\System32\windows.storage.dll
0x00007ffe261b0000 - 0x00007ffe261fc000 	C:\WINDOWS\System32\powrprof.dll
0x00007ffe27f80000 - 0x00007ffe27fd2000 	C:\WINDOWS\System32\shlwapi.dll
0x00007ffe261a0000 - 0x00007ffe261af000 	C:\WINDOWS\System32\kernel.appcore.dll
0x00007ffe27200000 - 0x00007ffe272a9000 	C:\WINDOWS\System32\shcore.dll
0x00007ffe26180000 - 0x00007ffe26194000 	C:\WINDOWS\System32\profapi.dll
0x00000000507e0000 - 0x00000000507ed000 	C:\Program Files\Java\jre1.8.0_111\bin\management.dll
0x0000000050850000 - 0x000000005086a000 	C:\Program Files\Java\jre1.8.0_111\bin\net.dll
0x00007ffe25ab0000 - 0x00007ffe25b0c000 	C:\WINDOWS\system32\mswsock.dll
0x0000000050830000 - 0x0000000050841000 	C:\Program Files\Java\jre1.8.0_111\bin\nio.dll
0x00007ffe154f0000 - 0x00007ffe15506000 	C:\WINDOWS\system32\napinsp.dll
0x00007ffe15510000 - 0x00007ffe1552a000 	C:\WINDOWS\system32\pnrpnsp.dll
0x00007ffe23c40000 - 0x00007ffe23c58000 	C:\WINDOWS\system32\NLAapi.dll
0x00007ffe25870000 - 0x00007ffe25911000 	C:\WINDOWS\SYSTEM32\DNSAPI.dll
0x00007ffe27410000 - 0x00007ffe27418000 	C:\WINDOWS\System32\NSI.dll
0x00007ffe25830000 - 0x00007ffe25868000 	C:\WINDOWS\SYSTEM32\IPHLPAPI.DLL
0x00007ffe16c00000 - 0x00007ffe16c0e000 	C:\WINDOWS\System32\winrnr.dll
0x00007ffe22840000 - 0x00007ffe22855000 	C:\WINDOWS\System32\wshbth.dll
0x00007ffe1ced0000 - 0x00007ffe1ceda000 	C:\Windows\System32\rasadhlp.dll
0x00007ffe1d060000 - 0x00007ffe1d0ca000 	C:\WINDOWS\System32\fwpuclnt.dll
0x00007ffe25d60000 - 0x00007ffe25d8b000 	C:\WINDOWS\SYSTEM32\bcrypt.dll
0x00007ffe25c50000 - 0x00007ffe25c67000 	C:\WINDOWS\SYSTEM32\CRYPTSP.dll
0x00007ffe256b0000 - 0x00007ffe256e3000 	C:\WINDOWS\system32\rsaenh.dll
0x00007ffe25930000 - 0x00007ffe2594f000 	C:\WINDOWS\SYSTEM32\USERENV.dll
0x00007ffe25c70000 - 0x00007ffe25c7b000 	C:\WINDOWS\SYSTEM32\CRYPTBASE.dll
0x00007ffe21b20000 - 0x00007ffe21b36000 	C:\WINDOWS\SYSTEM32\dhcpcsvc6.DLL
0x00007ffe21b00000 - 0x00007ffe21b1a000 	C:\WINDOWS\SYSTEM32\dhcpcsvc.DLL

VM Arguments:
jvm_args: -Dcom.sun.management.jmxremote -Dcom.sun.management.jmxremote.port=54974 -Dcom.sun.management.jmxremote.authenticate=false -Dcom.sun.management.jmxremote.ssl=false -Djava.rmi.server.hostname=localhost -Dspring.liveBeansView.mbeanDomain -Dspring.application.admin.enabled=true -Dfile.encoding=UTF-8 
java_command: br.com.fireware.bpchoque.BpchoqueApplication --spring.output.ansi.enabled=always
java_class_path (initial): C:\Users\Fire7\OneDrive\Desenvolvimento\Git\bpchoque\bpchoqueNovo\target\classes;C:\Users\Fire7\.m2\repository\org\springframework\boot\spring-boot-starter-web\1.4.1.RELEASE\spring-boot-starter-web-1.4.1.RELEASE.jar;C:\Users\Fire7\.m2\repository\org\springframework\boot\spring-boot-starter\1.4.1.RELEASE\spring-boot-starter-1.4.1.RELEASE.jar;C:\Users\Fire7\.m2\repository\org\springframework\boot\spring-boot-starter-logging\1.4.1.RELEASE\spring-boot-starter-logging-1.4.1.RELEASE.jar;C:\Users\Fire7\.m2\repository\org\slf4j\log4j-over-slf4j\1.7.21\log4j-over-slf4j-1.7.21.jar;C:\Users\Fire7\.m2\repository\org\springframework\spring-core\4.3.3.RELEASE\spring-core-4.3.3.RELEASE.jar;C:\Users\Fire7\.m2\repository\org\yaml\snakeyaml\1.17\snakeyaml-1.17.jar;C:\Users\Fire7\.m2\repository\org\springframework\boot\spring-boot-starter-tomcat\1.4.1.RELEASE\spring-boot-starter-tomcat-1.4.1.RELEASE.jar;C:\Users\Fire7\.m2\repository\org\apache\tomcat\embed\tomcat-embed-core\8.5.5\tomcat-embed-core-8.5.5.jar;C:\Users\Fire7\.m2\repository\org\apache\tomcat\embed\tomcat-embed-el\8.5.5\tomcat-embed-el-8.5.5.jar;C:\Users\Fire7\.m2\repository\org\apache\tomcat\embed\tomcat-embed-websocket\8.5.5\tomcat-embed-websocket-8.5.5.jar;C:\Users\Fire7\.m2\repository\org\hibernate\hibernate-validator\5.2.4.Final\hibernate-validator-5.2.4.Final.jar;C:\Users\Fire7\.m2\repository\javax\validation\validation-api\1.1.0.Final\validation-api-1.1.0.Final.jar;C:\Users\Fire7\.m2\repository\com\fasterxml\classmate\1.3.1\classmate-1.3.1.jar;C:\Users\Fire7\.m2\repository\com\fasterxml\jackson\core\jackson-databind\2.8.3\jackson-databind-2.8.3.jar;C:\Users\Fire7\.m2\repository\com\fasterxml\jackson\core\jackson-annotations\2.8.3\jackson-annotations-2.8.3.jar;C:\Users\Fire7\.m2\repository\com\fasterxml\jackson\core\jackson-core\2.8.3\jackson-core-2.8.3.jar;C:\Users\Fire7\.m2\repository\org\springframework\spring-web\4.3.3.RELEASE\spring-web-4.3.3.RELEASE.jar;C:\Users\Fire7\.m2\repository
Launcher Type: SUN_STANDARD

Environment Variables:
JAVA_HOME=C:\Program Files\Java\jdk1.8.0_101
PATH=C:/Program Files/Java/jre1.8.0_111/bin/server;C:/Program Files/Java/jre1.8.0_111/bin;C:/Program Files/Java/jre1.8.0_111/lib/amd64;C:\Program Files\ImageMagick-7.0.4-Q16;C:\ProgramData\Oracle\Java\javapath;C:\WINDOWS\system32;C:\WINDOWS;C:\WINDOWS\System32\Wbem;C:\WINDOWS\System32\WindowsPowerShell\v1.0\;C:\Program Files (x86)\Intel\OpenCL SDK\3.0\bin\x86;C:\Program Files (x86)\Intel\OpenCL SDK\3.0\bin\x64;C:\Program Files (x86)\Java\jre6\bin;C:\Program Files (x86)\NVIDIA Corporation\PhysX\Common;C:\Program Files (x86)\MySQL\MySQL Fabric 1.5 & MySQL Utilities 1.5\;C:\Program Files (x86)\MySQL\MySQL Fabric 1.5 & MySQL Utilities 1.5\Doctrine extensions for PHP\;C:\WINDOWS\system32;C:\WINDOWS;C:\WINDOWS\System32\Wbem;C:\WINDOWS\System32\WindowsPowerShell\v1.0\;C:\Program Files (x86)\Brackets\command;D:\GdPicture.NET 12\Redist;C:\Users\Fire7\AppData\Roaming\nvm;C:\Program Files\nodejs;C:\Program Files\Git\cmd;C:\Users\Fire7\AppData\Local\Programs\Python\Python36\Scripts\;C:\Users\Fire7\AppData\Local\Programs\Python\Python36\;C:\Program Files (x86)\Microsoft VS Code\bin;C:\Users\Fire7\AppData\Local\Microsoft\WindowsApps;C:\Program Files\Heroku\bin;C:\Users\Fire7\AppData\Roaming\npm;C:\Users\Fire7\AppData\Roaming\nvm;C:\Program Files\nodejs;C:\Users\Fire7\Desktop\Minhas Pastas\Desenvolvimento\ERP Choque\spring-tool-suite-3.8.2.RELEASE-e4.6.1-win32-x86_64\sts-bundle\sts-3.8.2.RELEASE;
USERNAME=Fire7
OS=Windows_NT
PROCESSOR_IDENTIFIER=Intel64 Family 6 Model 69 Stepping 1, GenuineIntel



---------------  S Y S T E M  ---------------

OS: Windows 10.0 , 64 bit Build 14393 (10.0.14393.1198)

CPU:total 4 (2 cores per cpu, 2 threads per core) family 6 model 69 stepping 1, cmov, cx8, fxsr, mmx, sse, sse2, sse3, ssse3, sse4.1, sse4.2, popcnt, avx, avx2, aes, clmul, erms, lzcnt, ht, tsc, tscinvbit, bmi1, bmi2

Memory: 4k page, physical 8290700k(1209124k free), swap 9314700k(6464k free)

vm_info: Java HotSpot(TM) 64-Bit Server VM (25.111-b14) for windows-amd64 JRE (1.8.0_111-b14), built on Sep 22 2016 19:24:05 by "java_re" with MS VC++ 10.0 (VS2010)

time: Wed Jun 07 17:11:15 2017
elapsed time: 5 seconds (0d 0h 0m 5s)

