#
# There is insufficient memory for the Java Runtime Environment to continue.
# Native memory allocation (malloc) failed to allocate 262160 bytes for Chunk::new
# Possible reasons:
#   The system is out of physical RAM or swap space
#   In 32 bit mode, the process size limit was hit
# Possible solutions:
#   Reduce memory load on the system
#   Increase physical memory or swap space
#   Check if swap backing store is full
#   Use 64 bit Java on a 64 bit OS
#   Decrease Java heap size (-Xmx/-Xms)
#   Decrease number of Java threads
#   Decrease Java thread stack sizes (-Xss)
#   Set larger code cache with -XX:ReservedCodeCacheSize=
# This output file may be truncated or incomplete.
#
#  Out of Memory Error (allocation.cpp:390), pid=9324, tid=0x0000000000003318
#
# JRE version: Java(TM) SE Runtime Environment (8.0_111-b14) (build 1.8.0_111-b14)
# Java VM: Java HotSpot(TM) 64-Bit Server VM (25.111-b14 mixed mode windows-amd64 compressed oops)
# Failed to write core dump. Minidumps are not enabled by default on client versions of Windows
#

---------------  T H R E A D  ---------------

Current thread (0x0000000017a3a000):  JavaThread "C2 CompilerThread0" daemon [_thread_in_native, id=13080, stack(0x0000000019090000,0x0000000019190000)]

Stack: [0x0000000019090000,0x0000000019190000]
[error occurred during error reporting (printing stack bounds), id 0xc0000005]

Native frames: (J=compiled Java code, j=interpreted, Vv=VM code, C=native code)


Current CompileTask:
C2: 162322 7289   !   4       org.springframework.core.annotation.AnnotationUtils::findAnnotation (176 bytes)


---------------  P R O C E S S  ---------------

Java Threads: ( => current thread )
  0x0000000023087000 JavaThread "http-nio-8080-exec-2" daemon [_thread_in_native, id=13900, stack(0x0000000026460000,0x0000000026560000)]
  0x0000000023086000 JavaThread "http-nio-8080-exec-1" daemon [_thread_blocked, id=11756, stack(0x0000000026360000,0x0000000026460000)]
  0x000000001ed52000 JavaThread "DestroyJavaVM" [_thread_blocked, id=1672, stack(0x0000000002cd0000,0x0000000002dd0000)]
  0x000000001ed51000 JavaThread "http-nio-8080-AsyncTimeout" daemon [_thread_blocked, id=8120, stack(0x0000000026060000,0x0000000026160000)]
  0x000000001ed50800 JavaThread "http-nio-8080-Acceptor-0" daemon [_thread_in_native, id=14220, stack(0x0000000025f60000,0x0000000026060000)]
  0x000000001ed4c800 JavaThread "http-nio-8080-ClientPoller-1" daemon [_thread_in_native, id=760, stack(0x0000000025e60000,0x0000000025f60000)]
  0x000000001ed4c000 JavaThread "http-nio-8080-ClientPoller-0" daemon [_thread_in_native, id=11580, stack(0x0000000025d60000,0x0000000025e60000)]
  0x000000001ed4f800 JavaThread "NioBlockingSelector.BlockPoller-1" daemon [_thread_in_native, id=13624, stack(0x0000000024bf0000,0x0000000024cf0000)]
  0x000000001ed4f000 JavaThread "Live Reload Server" daemon [_thread_in_native, id=10984, stack(0x0000000024af0000,0x0000000024bf0000)]
  0x000000001ed4d800 JavaThread "File Watcher" daemon [_thread_blocked, id=7620, stack(0x0000000023c00000,0x0000000023d00000)]
  0x000000001ed4e000 JavaThread "Abandoned connection cleanup thread" daemon [_thread_blocked, id=5968, stack(0x0000000022130000,0x0000000022230000)]
  0x000000001ed52800 JavaThread "Tomcat JDBC Pool Cleaner[1984697014:1496423482998]" daemon [_thread_blocked, id=2256, stack(0x0000000022030000,0x0000000022130000)]
  0x000000001b24f000 JavaThread "container-0" [_thread_blocked, id=2088, stack(0x0000000021d30000,0x0000000021e30000)]
  0x000000001fcf2000 JavaThread "ContainerBackgroundProcessor[StandardEngine[Tomcat]]" daemon [_thread_blocked, id=11820, stack(0x0000000021c30000,0x0000000021d30000)]
  0x0000000019fd0800 JavaThread "RMI TCP Accept-0" daemon [_thread_in_native, id=6220, stack(0x000000001a5d0000,0x000000001a6d0000)]
  0x0000000019fb6000 JavaThread "RMI TCP Accept-64797" daemon [_thread_in_native, id=4720, stack(0x000000001a4d0000,0x000000001a5d0000)]
  0x0000000019f9a000 JavaThread "RMI TCP Accept-0" daemon [_thread_in_native, id=1616, stack(0x000000001a3d0000,0x000000001a4d0000)]
  0x0000000017a8d800 JavaThread "Service Thread" daemon [_thread_blocked, id=796, stack(0x0000000019790000,0x0000000019890000)]
  0x0000000017a44800 JavaThread "C1 CompilerThread2" daemon [_thread_blocked, id=9028, stack(0x0000000019290000,0x0000000019390000)]
  0x0000000017a3e000 JavaThread "C2 CompilerThread1" daemon [_thread_in_native, id=6852, stack(0x0000000019190000,0x0000000019290000)]
=>0x0000000017a3a000 JavaThread "C2 CompilerThread0" daemon [_thread_in_native, id=13080, stack(0x0000000019090000,0x0000000019190000)]
  0x0000000017a39000 JavaThread "Attach Listener" daemon [_thread_blocked, id=14168, stack(0x0000000018f90000,0x0000000019090000)]
  0x0000000017a38000 JavaThread "Signal Dispatcher" daemon [_thread_blocked, id=3228, stack(0x0000000018e90000,0x0000000018f90000)]
  0x0000000017a20000 JavaThread "Finalizer" daemon [_thread_blocked, id=12360, stack(0x0000000018c90000,0x0000000018d90000)]
  0x0000000002ec5000 JavaThread "Reference Handler" daemon [_thread_blocked, id=8156, stack(0x0000000018b90000,0x0000000018c90000)]

Other Threads:
  0x00000000179f7800 VMThread [stack: 0x0000000018a90000,0x0000000018b90000] [id=11444]
  0x0000000019fd3800 WatcherThread [stack: 0x000000001a6d0000,0x000000001a7d0000] [id=10288]

VM state:not at safepoint (normal execution)

VM Mutex/Monitor currently owned by a thread: None

Heap:
 PSYoungGen      total 300032K, used 216285K [0x00000000d5d00000, 0x00000000f1b00000, 0x0000000100000000)
  eden space 280064K, 73% used [0x00000000d5d00000,0x00000000e2521cb8,0x00000000e6e80000)
  from space 19968K, 56% used [0x00000000e6e80000,0x00000000e7995900,0x00000000e8200000)
  to   space 19456K, 0% used [0x00000000f0800000,0x00000000f0800000,0x00000000f1b00000)
 ParOldGen       total 132096K, used 43380K [0x0000000081600000, 0x0000000089700000, 0x00000000d5d00000)
  object space 132096K, 32% used [0x0000000081600000,0x000000008405d3b8,0x0000000089700000)
 Metaspace       used 64498K, capacity 65392K, committed 65536K, reserved 1105920K
  class space    used 8206K, capacity 8391K, committed 8448K, reserved 1048576K

Card table byte_map: [0x0000000012290000,0x0000000012690000] byte_map_base: 0x0000000011e85000

Marking Bits: (ParMarkBitMap*) 0x000000005a41a6c0
 Begin Bits: [0x0000000012d40000, 0x0000000014ce8000)
 End Bits:   [0x0000000014ce8000, 0x0000000016c90000)

Polling page: 0x00000000013e0000

CodeCache: size=245760Kb used=22783Kb max_used=23745Kb free=222976Kb
 bounds [0x0000000002ed0000, 0x0000000004640000, 0x0000000011ed0000]
 total_blobs=6948 nmethods=6132 adapters=727
 compilation: enabled

Compilation events (10 events):
Event: 162.200 Thread 0x0000000017a44800 7302   !   3       sun.nio.ch.WindowsSelectorImpl::doSelect (136 bytes)
Event: 162.202 Thread 0x0000000017a44800 nmethod 7302 0x0000000003133850 code [0x0000000003133b80, 0x00000000031355b8]
Event: 162.210 Thread 0x0000000017a3a000 nmethod 7276 0x00000000040239d0 code [0x0000000004023ca0, 0x0000000004026ad0]
Event: 162.210 Thread 0x0000000017a3a000 7289   !   4       org.springframework.core.annotation.AnnotationUtils::findAnnotation (176 bytes)
Event: 162.214 Thread 0x0000000017a44800 7303       3       org.apache.tomcat.util.buf.Ascii::toLower (14 bytes)
Event: 162.214 Thread 0x0000000017a44800 nmethod 7303 0x0000000003c0acd0 code [0x0000000003c0ae20, 0x0000000003c0af90]
Event: 162.230 Thread 0x0000000017a44800 7304       1       javax.servlet.ServletRequestWrapper::getRequest (5 bytes)
Event: 162.231 Thread 0x0000000017a44800 nmethod 7304 0x00000000032bb690 code [0x00000000032bb7e0, 0x00000000032bb8f0]
Event: 162.235 Thread 0x0000000017a44800 7305       3       java.util.regex.Pattern$BmpCharProperty::<init> (5 bytes)
Event: 162.236 Thread 0x0000000017a44800 nmethod 7305 0x0000000003bbc590 code [0x0000000003bbc720, 0x0000000003bbca70]

GC Heap History (10 events):
Event: 18.691 GC heap before
{Heap before GC invocations=14 (full 2):
 PSYoungGen      total 239104K, used 234308K [0x00000000d5d00000, 0x00000000e5500000, 0x0000000100000000)
  eden space 225792K, 100% used [0x00000000d5d00000,0x00000000e3980000,0x00000000e3980000)
  from space 13312K, 63% used [0x00000000e3980000,0x00000000e41d11b8,0x00000000e4680000)
  to   space 13824K, 0% used [0x00000000e4680000,0x00000000e4680000,0x00000000e5400000)
 ParOldGen       total 97280K, used 21975K [0x0000000081600000, 0x0000000087500000, 0x00000000d5d00000)
  object space 97280K, 22% used [0x0000000081600000,0x0000000082b75d58,0x0000000087500000)
 Metaspace       used 54294K, capacity 54906K, committed 55296K, reserved 1097728K
  class space    used 6970K, capacity 7145K, committed 7168K, reserved 1048576K
Event: 18.749 GC heap after
Heap after GC invocations=14 (full 2):
 PSYoungGen      total 232448K, used 13816K [0x00000000d5d00000, 0x00000000ea100000, 0x0000000100000000)
  eden space 218624K, 0% used [0x00000000d5d00000,0x00000000d5d00000,0x00000000e3280000)
  from space 13824K, 99% used [0x00000000e4680000,0x00000000e53fe038,0x00000000e5400000)
  to   space 20480K, 0% used [0x00000000e3280000,0x00000000e3280000,0x00000000e4680000)
 ParOldGen       total 97280K, used 37794K [0x0000000081600000, 0x0000000087500000, 0x00000000d5d00000)
  object space 97280K, 38% used [0x0000000081600000,0x0000000083ae8958,0x0000000087500000)
 Metaspace       used 54294K, capacity 54906K, committed 55296K, reserved 1097728K
  class space    used 6970K, capacity 7145K, committed 7168K, reserved 1048576K
}
Event: 21.375 GC heap before
{Heap before GC invocations=15 (full 2):
 PSYoungGen      total 232448K, used 232440K [0x00000000d5d00000, 0x00000000ea100000, 0x0000000100000000)
  eden space 218624K, 100% used [0x00000000d5d00000,0x00000000e3280000,0x00000000e3280000)
  from space 13824K, 99% used [0x00000000e4680000,0x00000000e53fe038,0x00000000e5400000)
  to   space 20480K, 0% used [0x00000000e3280000,0x00000000e3280000,0x00000000e4680000)
 ParOldGen       total 97280K, used 37794K [0x0000000081600000, 0x0000000087500000, 0x00000000d5d00000)
  object space 97280K, 38% used [0x0000000081600000,0x0000000083ae8958,0x0000000087500000)
 Metaspace       used 58072K, capacity 58942K, committed 59136K, reserved 1101824K
  class space    used 7359K, capacity 7567K, committed 7680K, reserved 1048576K
Event: 21.410 GC heap after
Heap after GC invocations=15 (full 2):
 PSYoungGen      total 239104K, used 7166K [0x00000000d5d00000, 0x00000000e9580000, 0x0000000100000000)
  eden space 218624K, 0% used [0x00000000d5d00000,0x00000000d5d00000,0x00000000e3280000)
  from space 20480K, 34% used [0x00000000e3280000,0x00000000e397fa28,0x00000000e4680000)
  to   space 19968K, 0% used [0x00000000e8200000,0x00000000e8200000,0x00000000e9580000)
 ParOldGen       total 97280K, used 50038K [0x0000000081600000, 0x0000000087500000, 0x00000000d5d00000)
  object space 97280K, 51% used [0x0000000081600000,0x00000000846dd870,0x0000000087500000)
 Metaspace       used 58072K, capacity 58942K, committed 59136K, reserved 1101824K
  class space    used 7359K, capacity 7567K, committed 7680K, reserved 1048576K
}
Event: 21.443 GC heap before
{Heap before GC invocations=16 (full 2):
 PSYoungGen      total 239104K, used 17295K [0x00000000d5d00000, 0x00000000e9580000, 0x0000000100000000)
  eden space 218624K, 4% used [0x00000000d5d00000,0x00000000d66e43a0,0x00000000e3280000)
  from space 20480K, 34% used [0x00000000e3280000,0x00000000e397fa28,0x00000000e4680000)
  to   space 19968K, 0% used [0x00000000e8200000,0x00000000e8200000,0x00000000e9580000)
 ParOldGen       total 97280K, used 50038K [0x0000000081600000, 0x0000000087500000, 0x00000000d5d00000)
  object space 97280K, 51% used [0x0000000081600000,0x00000000846dd870,0x0000000087500000)
 Metaspace       used 58161K, capacity 59006K, committed 59136K, reserved 1101824K
  class space    used 7369K, capacity 7567K, committed 7680K, reserved 1048576K
Event: 21.478 GC heap after
Heap after GC invocations=16 (full 2):
 PSYoungGen      total 300032K, used 5510K [0x00000000d5d00000, 0x00000000ecc80000, 0x0000000100000000)
  eden space 280064K, 0% used [0x00000000d5d00000,0x00000000d5d00000,0x00000000e6e80000)
  from space 19968K, 27% used [0x00000000e8200000,0x00000000e8761b18,0x00000000e9580000)
  to   space 19968K, 0% used [0x00000000e6e80000,0x00000000e6e80000,0x00000000e8200000)
 ParOldGen       total 97280K, used 50038K [0x0000000081600000, 0x0000000087500000, 0x00000000d5d00000)
  object space 97280K, 51% used [0x0000000081600000,0x00000000846dd870,0x0000000087500000)
 Metaspace       used 58161K, capacity 59006K, committed 59136K, reserved 1101824K
  class space    used 7369K, capacity 7567K, committed 7680K, reserved 1048576K
}
Event: 21.478 GC heap before
{Heap before GC invocations=17 (full 3):
 PSYoungGen      total 300032K, used 5510K [0x00000000d5d00000, 0x00000000ecc80000, 0x0000000100000000)
  eden space 280064K, 0% used [0x00000000d5d00000,0x00000000d5d00000,0x00000000e6e80000)
  from space 19968K, 27% used [0x00000000e8200000,0x00000000e8761b18,0x00000000e9580000)
  to   space 19968K, 0% used [0x00000000e6e80000,0x00000000e6e80000,0x00000000e8200000)
 ParOldGen       total 97280K, used 50038K [0x0000000081600000, 0x0000000087500000, 0x00000000d5d00000)
  object space 97280K, 51% used [0x0000000081600000,0x00000000846dd870,0x0000000087500000)
 Metaspace       used 58161K, capacity 59006K, committed 59136K, reserved 1101824K
  class space    used 7369K, capacity 7567K, committed 7680K, reserved 1048576K
Event: 21.897 GC heap after
Heap after GC invocations=17 (full 3):
 PSYoungGen      total 300032K, used 0K [0x00000000d5d00000, 0x00000000ecc80000, 0x0000000100000000)
  eden space 280064K, 0% used [0x00000000d5d00000,0x00000000d5d00000,0x00000000e6e80000)
  from space 19968K, 0% used [0x00000000e8200000,0x00000000e8200000,0x00000000e9580000)
  to   space 19968K, 0% used [0x00000000e6e80000,0x00000000e6e80000,0x00000000e8200000)
 ParOldGen       total 132096K, used 43380K [0x0000000081600000, 0x0000000089700000, 0x00000000d5d00000)
  object space 132096K, 32% used [0x0000000081600000,0x000000008405d3b8,0x0000000089700000)
 Metaspace       used 58083K, capacity 58880K, committed 59136K, reserved 1101824K
  class space    used 7357K, capacity 7546K, committed 7680K, reserved 1048576K
}
Event: 25.226 GC heap before
{Heap before GC invocations=18 (full 3):
 PSYoungGen      total 300032K, used 280064K [0x00000000d5d00000, 0x00000000ecc80000, 0x0000000100000000)
  eden space 280064K, 100% used [0x00000000d5d00000,0x00000000e6e80000,0x00000000e6e80000)
  from space 19968K, 0% used [0x00000000e8200000,0x00000000e8200000,0x00000000e9580000)
  to   space 19968K, 0% used [0x00000000e6e80000,0x00000000e6e80000,0x00000000e8200000)
 ParOldGen       total 132096K, used 43380K [0x0000000081600000, 0x0000000089700000, 0x00000000d5d00000)
  object space 132096K, 32% used [0x0000000081600000,0x000000008405d3b8,0x0000000089700000)
 Metaspace       used 62743K, capacity 63660K, committed 63872K, reserved 1105920K
  class space    used 7975K, capacity 8197K, committed 8320K, reserved 1048576K
Event: 25.254 GC heap after
Heap after GC invocations=18 (full 3):
 PSYoungGen      total 300032K, used 11350K [0x00000000d5d00000, 0x00000000f1b00000, 0x0000000100000000)
  eden space 280064K, 0% used [0x00000000d5d00000,0x00000000d5d00000,0x00000000e6e80000)
  from space 19968K, 56% used [0x00000000e6e80000,0x00000000e7995900,0x00000000e8200000)
  to   space 19456K, 0% used [0x00000000f0800000,0x00000000f0800000,0x00000000f1b00000)
 ParOldGen       total 132096K, used 43380K [0x0000000081600000, 0x0000000089700000, 0x00000000d5d00000)
  object space 132096K, 32% used [0x0000000081600000,0x000000008405d3b8,0x0000000089700000)
 Metaspace       used 62743K, capacity 63660K, committed 63872K, reserved 1105920K
  class space    used 7975K, capacity 8197K, committed 8320K, reserved 1048576K
}

Deoptimization events (10 events):
Event: 23.609 Thread 0x000000001aca5800 Uncommon trap: reason=unstable_if action=reinterpret pc=0x00000000038973ac method=org.springframework.util.AntPathMatcher.skipSegment([CILjava/lang/String;)I @ 62
Event: 24.002 Thread 0x000000001aca5800 Uncommon trap: reason=unstable_if action=reinterpret pc=0x000000000438dd3c method=org.springframework.core.annotation.AnnotationUtils.findAnnotation(Ljava/lang/reflect/Method;Ljava/lang/Class;)Ljava/lang/annotation/Annotation; @ 36
Event: 24.901 Thread 0x000000001aca5800 Uncommon trap: reason=class_check action=maybe_recompile pc=0x0000000002ff5014 method=java.util.AbstractList$Itr.hasNext()Z @ 8
Event: 24.901 Thread 0x000000001aca5800 Uncommon trap: reason=class_check action=maybe_recompile pc=0x0000000002fd2884 method=java.util.AbstractList$Itr.next()Ljava/lang/Object; @ 14
Event: 26.047 Thread 0x000000001aca5800 Uncommon trap: reason=unstable_if action=reinterpret pc=0x00000000038d4978 method=org.springframework.util.ConcurrentReferenceHashMap$Segment.clear()V @ 4
Event: 26.047 Thread 0x000000001aca5800 Uncommon trap: reason=unstable_if action=reinterpret pc=0x000000000345b354 method=org.springframework.util.ConcurrentReferenceHashMap$Segment.clear()V @ 4
Event: 26.178 Thread 0x000000001aca5800 Uncommon trap: reason=unstable_if action=reinterpret pc=0x00000000037bdbc0 method=org.springframework.util.ConcurrentReferenceHashMap$Segment.restructureIfNecessary(Z)V @ 33
Event: 162.075 Thread 0x0000000023086000 Uncommon trap: reason=unstable_if action=reinterpret pc=0x0000000003351f08 method=java.io.File.isFile()Z @ 34
Event: 162.187 Thread 0x0000000023086000 Uncommon trap: reason=bimorphic action=maybe_recompile pc=0x00000000035549a4 method=java.util.regex.Matcher.match(II)Z @ 86
Event: 162.232 Thread 0x0000000023087000 Uncommon trap: reason=unstable_if action=reinterpret pc=0x00000000038ceb84 method=org.springframework.util.AntPathMatcher$AntPathStringMatcher.matchStrings(Ljava/lang/String;Ljava/util/Map;)Z @ 17

Internal exceptions (10 events):
Event: 162.086 Thread 0x0000000023086000 Exception <a 'java/lang/ClassNotFoundException': org/springframework/web/servlet/theme/AbstractThemeResolverCustomizer> (0x00000000e1db3fb0) thrown at [C:\re\workspace\8-2-build-windows-amd64-cygwin\jdk8u111\7883\hotspot\src\share\vm\classfile\systemDicti
Event: 162.088 Thread 0x0000000023086000 Exception <a 'java/lang/ClassNotFoundException': org/springframework/web/servlet/theme/FixedThemeResolverCustomizer> (0x00000000e1dd9d90) thrown at [C:\re\workspace\8-2-build-windows-amd64-cygwin\jdk8u111\7883\hotspot\src\share\vm\classfile\systemDictiona
Event: 162.091 Thread 0x0000000023086000 Exception <a 'java/lang/ClassNotFoundException': org/springframework/web/servlet/ThemeResolverCustomizer> (0x00000000e1dfc038) thrown at [C:\re\workspace\8-2-build-windows-amd64-cygwin\jdk8u111\7883\hotspot\src\share\vm\classfile\systemDictionary.cpp, lin
Event: 162.102 Thread 0x0000000023086000 Exception <a 'java/lang/ClassNotFoundException': java/lang/ObjectCustomizer> (0x00000000e1e60600) thrown at [C:\re\workspace\8-2-build-windows-amd64-cygwin\jdk8u111\7883\hotspot\src\share\vm\classfile\systemDictionary.cpp, line 210]
Event: 162.105 Thread 0x0000000023086000 Exception <a 'java/lang/ClassNotFoundException': org/springframework/web/servlet/view/DefaultRequestToViewNameTranslatorCustomizer> (0x00000000e1e8be08) thrown at [C:\re\workspace\8-2-build-windows-amd64-cygwin\jdk8u111\7883\hotspot\src\share\vm\classfile
Event: 162.108 Thread 0x0000000023086000 Exception <a 'java/lang/ClassNotFoundException': org/springframework/web/servlet/RequestToViewNameTranslatorCustomizer> (0x00000000e1ec1858) thrown at [C:\re\workspace\8-2-build-windows-amd64-cygwin\jdk8u111\7883\hotspot\src\share\vm\classfile\systemDicti
Event: 162.118 Thread 0x0000000023086000 Exception <a 'java/lang/ClassNotFoundException': java/lang/ObjectCustomizer> (0x00000000e1f30230) thrown at [C:\re\workspace\8-2-build-windows-amd64-cygwin\jdk8u111\7883\hotspot\src\share\vm\classfile\systemDictionary.cpp, line 210]
Event: 162.122 Thread 0x0000000023086000 Exception <a 'java/lang/ClassNotFoundException': org/springframework/web/servlet/support/AbstractFlashMapManagerCustomizer> (0x00000000e1f58c78) thrown at [C:\re\workspace\8-2-build-windows-amd64-cygwin\jdk8u111\7883\hotspot\src\share\vm\classfile\systemD
Event: 162.127 Thread 0x0000000023086000 Exception <a 'java/lang/ClassNotFoundException': org/springframework/web/servlet/support/SessionFlashMapManagerCustomizer> (0x00000000e1f85520) thrown at [C:\re\workspace\8-2-build-windows-amd64-cygwin\jdk8u111\7883\hotspot\src\share\vm\classfile\systemDi
Event: 162.133 Thread 0x0000000023086000 Exception <a 'java/lang/ClassNotFoundException': org/springframework/web/servlet/FlashMapManagerCustomizer> (0x00000000e1fa7920) thrown at [C:\re\workspace\8-2-build-windows-amd64-cygwin\jdk8u111\7883\hotspot\src\share\vm\classfile\systemDictionary.cpp, l

Events (10 events):
Event: 162.247 loading class org/slf4j/ext/EventData
Event: 162.247 loading class org/slf4j/ext/EventData done
Event: 162.247 loading class org/slf4j/ext/EventData
Event: 162.247 loading class org/slf4j/ext/EventData done
Event: 162.248 loading class org/springframework/validation/support/BindingAwareModelMap
Event: 162.248 loading class org/springframework/validation/support/BindingAwareModelMap done
Event: 162.248 loading class org/springframework/ui/ExtendedModelMap
Event: 162.248 loading class org/springframework/ui/ExtendedModelMap done
Event: 162.249 loading class org/springframework/web/bind/support/SessionStatus
Event: 162.249 loading class org/springframework/web/bind/support/SessionStatus done


Dynamic libraries:
0x00007ff609db0000 - 0x00007ff609de7000 	C:\Program Files\Java\jre1.8.0_111\bin\javaw.exe
0x00007ffefba70000 - 0x00007ffefbc41000 	C:\WINDOWS\SYSTEM32\ntdll.dll
0x00007ffefae50000 - 0x00007ffefaefc000 	C:\WINDOWS\System32\KERNEL32.DLL
0x00007ffeeab60000 - 0x00007ffeeab93000 	C:\Program Files\AVAST Software\Avast\x64\aswhooka.dll
0x00007ffef8290000 - 0x00007ffef84ad000 	C:\WINDOWS\System32\KERNELBASE.dll
0x00007ffef6400000 - 0x00007ffef647a000 	C:\WINDOWS\system32\apphelp.dll
0x00007ffefb2d0000 - 0x00007ffefb372000 	C:\WINDOWS\System32\ADVAPI32.dll
0x00007ffefb4f0000 - 0x00007ffefb58e000 	C:\WINDOWS\System32\msvcrt.dll
0x00007ffefaf00000 - 0x00007ffefaf59000 	C:\WINDOWS\System32\sechost.dll
0x00007ffefad20000 - 0x00007ffefae41000 	C:\WINDOWS\System32\RPCRT4.dll
0x00007ffefa8c0000 - 0x00007ffefaa25000 	C:\WINDOWS\System32\USER32.dll
0x00007ffef8df0000 - 0x00007ffef8e0e000 	C:\WINDOWS\System32\win32u.dll
0x00007ffefaf60000 - 0x00007ffefaf94000 	C:\WINDOWS\System32\GDI32.dll
0x00007ffef8bf0000 - 0x00007ffef8d72000 	C:\WINDOWS\System32\gdi32full.dll
0x00007ffeefa90000 - 0x00007ffeefd0a000 	C:\WINDOWS\WinSxS\amd64_microsoft.windows.common-controls_6595b64144ccf1df_6.0.14393.953_none_42151e83c686086b\COMCTL32.dll
0x00007ffefb000000 - 0x00007ffefb2c8000 	C:\WINDOWS\System32\combase.dll
0x00007ffef7f40000 - 0x00007ffef8035000 	C:\WINDOWS\System32\ucrtbase.dll
0x00007ffef8d80000 - 0x00007ffef8dea000 	C:\WINDOWS\System32\bcryptPrimitives.dll
0x00007ffefb5f0000 - 0x00007ffefb61e000 	C:\WINDOWS\System32\IMM32.DLL
0x00007ffef6d90000 - 0x00007ffef6dc2000 	C:\Windows\system32\nvinitx.dll
0x00007ffef6d80000 - 0x00007ffef6d8a000 	C:\WINDOWS\SYSTEM32\VERSION.dll
0x0000000059920000 - 0x00000000599f2000 	C:\Program Files\Java\jre1.8.0_111\bin\msvcr100.dll
0x0000000059c00000 - 0x000000005a49a000 	C:\Program Files\Java\jre1.8.0_111\bin\server\jvm.dll
0x00007ffefa8b0000 - 0x00007ffefa8b8000 	C:\WINDOWS\System32\PSAPI.DLL
0x00007ffee8a30000 - 0x00007ffee8a39000 	C:\WINDOWS\SYSTEM32\WSOCK32.dll
0x00007ffefa690000 - 0x00007ffefa6fa000 	C:\WINDOWS\System32\WS2_32.dll
0x00007ffef62e0000 - 0x00007ffef6303000 	C:\WINDOWS\SYSTEM32\WINMM.dll
0x00007ffef62b0000 - 0x00007ffef62db000 	C:\WINDOWS\SYSTEM32\WINMMBASE.dll
0x00007ffef8240000 - 0x00007ffef8282000 	C:\WINDOWS\System32\cfgmgr32.dll
0x0000000059bf0000 - 0x0000000059bff000 	C:\Program Files\Java\jre1.8.0_111\bin\verify.dll
0x0000000059bc0000 - 0x0000000059be9000 	C:\Program Files\Java\jre1.8.0_111\bin\java.dll
0x0000000059b70000 - 0x0000000059b86000 	C:\Program Files\Java\jre1.8.0_111\bin\zip.dll
0x00007ffef8fe0000 - 0x00007ffefa4e8000 	C:\WINDOWS\System32\SHELL32.dll
0x00007ffef8510000 - 0x00007ffef8bea000 	C:\WINDOWS\System32\windows.storage.dll
0x00007ffef7ef0000 - 0x00007ffef7f3c000 	C:\WINDOWS\System32\powrprof.dll
0x00007ffefb590000 - 0x00007ffefb5e2000 	C:\WINDOWS\System32\shlwapi.dll
0x00007ffef7ee0000 - 0x00007ffef7eef000 	C:\WINDOWS\System32\kernel.appcore.dll
0x00007ffef80f0000 - 0x00007ffef8199000 	C:\WINDOWS\System32\shcore.dll
0x00007ffef7eb0000 - 0x00007ffef7ec4000 	C:\WINDOWS\System32\profapi.dll
0x0000000059a00000 - 0x0000000059a0d000 	C:\Program Files\Java\jre1.8.0_111\bin\management.dll
0x0000000059b50000 - 0x0000000059b6a000 	C:\Program Files\Java\jre1.8.0_111\bin\net.dll
0x00007ffef77e0000 - 0x00007ffef783c000 	C:\WINDOWS\system32\mswsock.dll
0x0000000059b30000 - 0x0000000059b41000 	C:\Program Files\Java\jre1.8.0_111\bin\nio.dll
0x00007ffee8200000 - 0x00007ffee8216000 	C:\WINDOWS\system32\napinsp.dll
0x00007ffee8220000 - 0x00007ffee823a000 	C:\WINDOWS\system32\pnrpnsp.dll
0x00007ffef5b50000 - 0x00007ffef5b68000 	C:\WINDOWS\system32\NLAapi.dll
0x00007ffef75a0000 - 0x00007ffef7641000 	C:\WINDOWS\SYSTEM32\DNSAPI.dll
0x00007ffefab90000 - 0x00007ffefab98000 	C:\WINDOWS\System32\NSI.dll
0x00007ffef7560000 - 0x00007ffef7598000 	C:\WINDOWS\SYSTEM32\IPHLPAPI.DLL
0x00007ffee8c90000 - 0x00007ffee8c9e000 	C:\WINDOWS\System32\winrnr.dll
0x00007ffef3f90000 - 0x00007ffef3fa5000 	C:\WINDOWS\System32\wshbth.dll
0x00007ffeeed60000 - 0x00007ffeeed6a000 	C:\Windows\System32\rasadhlp.dll
0x00007ffeeecf0000 - 0x00007ffeeed5a000 	C:\WINDOWS\System32\fwpuclnt.dll
0x00007ffef7a90000 - 0x00007ffef7abb000 	C:\WINDOWS\SYSTEM32\bcrypt.dll
0x00007ffef7980000 - 0x00007ffef7997000 	C:\WINDOWS\SYSTEM32\CRYPTSP.dll
0x00007ffef73e0000 - 0x00007ffef7413000 	C:\WINDOWS\system32\rsaenh.dll
0x00007ffef7660000 - 0x00007ffef767f000 	C:\WINDOWS\SYSTEM32\USERENV.dll
0x00007ffef79a0000 - 0x00007ffef79ab000 	C:\WINDOWS\SYSTEM32\CRYPTBASE.dll
0x00007ffef28f0000 - 0x00007ffef2906000 	C:\WINDOWS\SYSTEM32\dhcpcsvc6.DLL
0x00007ffef28d0000 - 0x00007ffef28ea000 	C:\WINDOWS\SYSTEM32\dhcpcsvc.DLL

VM Arguments:
jvm_args: -Dcom.sun.management.jmxremote -Dcom.sun.management.jmxremote.port=64797 -Dcom.sun.management.jmxremote.authenticate=false -Dcom.sun.management.jmxremote.ssl=false -Djava.rmi.server.hostname=localhost -Dspring.liveBeansView.mbeanDomain -Dspring.application.admin.enabled=true -Dfile.encoding=UTF-8 
java_command: br.com.fireware.bpchoque.BpchoqueApplication --spring.output.ansi.enabled=always
java_class_path (initial): C:\Users\Fire7\OneDrive\Desenvolvimento\Git\bpchoque\bpchoqueNovo\target\classes;C:\Users\Fire7\.m2\repository\org\springframework\boot\spring-boot-starter-web\1.4.1.RELEASE\spring-boot-starter-web-1.4.1.RELEASE.jar;C:\Users\Fire7\.m2\repository\org\springframework\boot\spring-boot-starter\1.4.1.RELEASE\spring-boot-starter-1.4.1.RELEASE.jar;C:\Users\Fire7\.m2\repository\org\springframework\boot\spring-boot-starter-logging\1.4.1.RELEASE\spring-boot-starter-logging-1.4.1.RELEASE.jar;C:\Users\Fire7\.m2\repository\org\slf4j\log4j-over-slf4j\1.7.21\log4j-over-slf4j-1.7.21.jar;C:\Users\Fire7\.m2\repository\org\springframework\spring-core\4.3.3.RELEASE\spring-core-4.3.3.RELEASE.jar;C:\Users\Fire7\.m2\repository\org\yaml\snakeyaml\1.17\snakeyaml-1.17.jar;C:\Users\Fire7\.m2\repository\org\springframework\boot\spring-boot-starter-tomcat\1.4.1.RELEASE\spring-boot-starter-tomcat-1.4.1.RELEASE.jar;C:\Users\Fire7\.m2\repository\org\apache\tomcat\embed\tomcat-embed-core\8.5.5\tomcat-embed-core-8.5.5.jar;C:\Users\Fire7\.m2\repository\org\apache\tomcat\embed\tomcat-embed-el\8.5.5\tomcat-embed-el-8.5.5.jar;C:\Users\Fire7\.m2\repository\org\apache\tomcat\embed\tomcat-embed-websocket\8.5.5\tomcat-embed-websocket-8.5.5.jar;C:\Users\Fire7\.m2\repository\org\hibernate\hibernate-validator\5.2.4.Final\hibernate-validator-5.2.4.Final.jar;C:\Users\Fire7\.m2\repository\javax\validation\validation-api\1.1.0.Final\validation-api-1.1.0.Final.jar;C:\Users\Fire7\.m2\repository\com\fasterxml\classmate\1.3.1\classmate-1.3.1.jar;C:\Users\Fire7\.m2\repository\com\fasterxml\jackson\core\jackson-databind\2.8.3\jackson-databind-2.8.3.jar;C:\Users\Fire7\.m2\repository\org\springframework\spring-web\4.3.3.RELEASE\spring-web-4.3.3.RELEASE.jar;C:\Users\Fire7\.m2\repository\org\springframework\spring-beans\4.3.3.RELEASE\spring-beans-4.3.3.RELEASE.jar;C:\Users\Fire7\.m2\repository\org\springframework\spring-webmvc\4.3.3.RELEASE\spring-webmvc-4.3.3.RELEASE.jar;C:\Users\Fire7\.m2\repo
Launcher Type: SUN_STANDARD

Environment Variables:
JAVA_HOME=C:\Program Files\Java\jdk1.8.0_101
PATH=C:/Program Files/Java/jre1.8.0_111/bin/server;C:/Program Files/Java/jre1.8.0_111/bin;C:/Program Files/Java/jre1.8.0_111/lib/amd64;C:\Program Files\ImageMagick-7.0.4-Q16;C:\ProgramData\Oracle\Java\javapath;C:\WINDOWS\system32;C:\WINDOWS;C:\WINDOWS\System32\Wbem;C:\WINDOWS\System32\WindowsPowerShell\v1.0\;C:\Program Files (x86)\Intel\OpenCL SDK\3.0\bin\x86;C:\Program Files (x86)\Intel\OpenCL SDK\3.0\bin\x64;C:\Program Files (x86)\Java\jre6\bin;C:\Program Files (x86)\NVIDIA Corporation\PhysX\Common;C:\Program Files (x86)\MySQL\MySQL Fabric 1.5 & MySQL Utilities 1.5\;C:\Program Files (x86)\MySQL\MySQL Fabric 1.5 & MySQL Utilities 1.5\Doctrine extensions for PHP\;C:\WINDOWS\system32;C:\WINDOWS;C:\WINDOWS\System32\Wbem;C:\WINDOWS\System32\WindowsPowerShell\v1.0\;C:\Program Files (x86)\Brackets\command;D:\GdPicture.NET 12\Redist;C:\Users\Fire7\AppData\Roaming\nvm;C:\Program Files\nodejs;C:\Program Files\Git\cmd;C:\Users\Fire7\AppData\Local\Programs\Python\Python36\Scripts\;C:\Users\Fire7\AppData\Local\Programs\Python\Python36\;C:\Program Files (x86)\Microsoft VS Code\bin;C:\Users\Fire7\AppData\Local\Microsoft\WindowsApps;C:\Program Files\Heroku\bin;C:\Users\Fire7\AppData\Roaming\npm;C:\Users\Fire7\AppData\Roaming\nvm;C:\Program Files\nodejs;C:\Users\Fire7\Desktop\Minhas Pastas\Desenvolvimento\ERP Choque\spring-tool-suite-3.8.2.RELEASE-e4.6.1-win32-x86_64\sts-bundle\sts-3.8.2.RELEASE;
USERNAME=Fire7
OS=Windows_NT
PROCESSOR_IDENTIFIER=Intel64 Family 6 Model 69 Stepping 1, GenuineIntel



---------------  S Y S T E M  ---------------

OS: Windows 10.0 , 64 bit Build 14393 (10.0.14393.1198)

CPU:total 4 (2 cores per cpu, 2 threads per core) family 6 model 69 stepping 1, cmov, cx8, fxsr, mmx, sse, sse2, sse3, ssse3, sse4.1, sse4.2, popcnt, avx, avx2, aes, clmul, erms, lzcnt, ht, tsc, tscinvbit, bmi1, bmi2

Memory: 4k page, physical 8290700k(757140k free), swap 8290700k(4712k free)

vm_info: Java HotSpot(TM) 64-Bit Server VM (25.111-b14) for windows-amd64 JRE (1.8.0_111-b14), built on Sep 22 2016 19:24:05 by "java_re" with MS VC++ 10.0 (VS2010)

time: Fri Jun 02 14:13:49 2017
elapsed time: 162 seconds (0d 0h 2m 42s)

